C51 COMPILER V9.52.0.0   STE_WAVE                                                          03/14/2024 19:39:16 PAGE 1   


C51 COMPILER V9.52.0.0, COMPILATION OF MODULE STE_WAVE
OBJECT MODULE PLACED IN ste_wave.OBJ
COMPILER INVOKED BY: D:\keil\C51\BIN\C51.EXE ste_wave.c BROWSE DEBUG OBJECTEXTEND TABS(2)

line level    source

   1          #include "reg52.h"
   2          #include "intrins.h"
   3          #include "delay.h"
   4          #include "ste_wave.h"
   5          sbit sg90_con = P1^0;
   6          sbit trig = P1^1;
   7          sbit echo = P1^2;
   8          int overtime;
   9          int angle;
  10          double get_distance(){
  11   1        double time;
  12   1        double distance;
  13   1        startHC();
  14   1        while(echo == 0);
  15   1        TR1 = 1;
  16   1        while(echo == 1);
  17   1        TR1 = 0;
  18   1        time = (TL1+TH1*256)* 1.085;
  19   1        distance = time*0.017;
  20   1        TH1 = 0;
  21   1        TL1 = 0;
  22   1        return distance;
  23   1      }
  24          void T0init(){
  25   1        //1 初始化
  26   1        TMOD &= 0xf0;
  27   1        TMOD |= 0x01;
  28   1        //2 计算需要的时间
  29   1        TL0 = 0x33;
  30   1        TH0 = 0xFE;
  31   1        //3 开始运行
  32   1        TR0 = 1;
  33   1        TF0 = 0;
  34   1        //打开中断
  35   1        ET0 = 1;
  36   1        //打开总线
  37   1        EA = 1;
  38   1      }
  39          void sg90_control() interrupt 1
  40          {
  41   1        overtime++;
  42   1        TL0 = 0x33;
  43   1        TH0 = 0xFE;
  44   1        if(overtime == 1){
  45   2          sg90_con = 1;
  46   2        }
  47   1        if(overtime == angle){
  48   2          sg90_con = 0;
  49   2        }
  50   1          
  51   1        if(overtime == 40){
  52   2          overtime = 0;
  53   2          sg90_con = 0;
  54   2              
  55   2        }
C51 COMPILER V9.52.0.0   STE_WAVE                                                          03/14/2024 19:39:16 PAGE 2   

  56   1      }
  57          void T1init(){
  58   1        TMOD &= 0x0f;
  59   1        TMOD |= 0x10;
  60   1        TH1 =0;
  61   1        TL1 =0;
  62   1      }
  63          void startHC(){
  64   1        trig = 0;
  65   1        trig = 1;
  66   1        Delay15us();
  67   1        trig = 0;
  68   1      }


MODULE INFORMATION:   STATIC OVERLAYABLE
   CODE SIZE        =    177    ----
   CONSTANT SIZE    =   ----    ----
   XDATA SIZE       =   ----    ----
   PDATA SIZE       =   ----    ----
   DATA SIZE        =      4       4
   IDATA SIZE       =   ----    ----
   BIT SIZE         =   ----    ----
END OF MODULE INFORMATION.


C51 COMPILATION COMPLETE.  0 WARNING(S),  0 ERROR(S)
