C51 COMPILER V9.52.0.0   UART                                                              03/14/2024 19:39:15 PAGE 1   


C51 COMPILER V9.52.0.0, COMPILATION OF MODULE UART
OBJECT MODULE PLACED IN uart.OBJ
COMPILER INVOKED BY: D:\keil\C51\BIN\C51.EXE uart.c BROWSE DEBUG OBJECTEXTEND TABS(2)

line level    source

   1          #include"reg52.h"
   2          #define num 12
   3          #include<string.h>
   4          #include"forback.h"
   5          #include"delay.h"
   6          sfr AUXR = 0x8e;
   7          
   8          char array[num];
   9          char cmd;
  10          
  11          void uart_init(){
  12   1        AUXR = 0X01;
  13   1        SCON = 0x50;
  14   1        TMOD &= 0x0f;
  15   1        TMOD |= 0x20;
  16   1        TH1 = 0XFD;
  17   1        TH1 = 0XFD;
  18   1        TR1 = 1;
  19   1        EA = 1;
  20   1        ES = 1;
  21   1      }
  22          void sendbyte(char data1){
  23   1        SBUF = data1;
  24   1        while(!TI);
  25   1        TI = 0;
  26   1      }
  27          void sendstring(char *pp){
  28   1        while(*pp != '\0'){
  29   2          sendbyte(*pp);
  30   2          pp++;
  31   2        }
  32   1      }
  33          void INTR() interrupt 4{
  34   1        static int i=0;
  35   1        char test;
  36   1        if(RI == 1){
  37   2          RI = 0;
  38   2          test = SBUF;
  39   2          if(test == 'B' || test == 'L' || test == 'G' || test == 'R' || test == 'S'){
  40   3            i=0;
  41   3          }
  42   2          array[i] = test;
  43   2          i++;
  44   2          cmd = SBUF;
  45   2          if(array[0]=='G'){
  46   3            car_forward();
  47   3            memset(array,'\0',num);
  48   3          }else if(array[0]=='L'){
  49   3            car_left();
  50   3            memset(array,'\0',num);
  51   3          }else if(array[0]=='R'){
  52   3            car_right();
  53   3            memset(array,'\0',num);
  54   3          }else if(array[0]=='B'){
  55   3            car_back();
C51 COMPILER V9.52.0.0   UART                                                              03/14/2024 19:39:15 PAGE 2   

  56   3            memset(array,'\0',num);
  57   3          }else if(array[0]=='S'){
  58   3            car_stop();
  59   3            memset(array,'\0',num);
  60   3          }
  61   2        }
  62   1      }


MODULE INFORMATION:   STATIC OVERLAYABLE
   CODE SIZE        =    225    ----
   CONSTANT SIZE    =   ----    ----
   XDATA SIZE       =   ----    ----
   PDATA SIZE       =   ----    ----
   DATA SIZE        =     15    ----
   IDATA SIZE       =   ----    ----
   BIT SIZE         =   ----    ----
END OF MODULE INFORMATION.


C51 COMPILATION COMPLETE.  0 WARNING(S),  0 ERROR(S)
